2020-09-18 18:44:40 WARN  ConsumerConfig:362 - The configuration 'admin.retry.backoff.ms' was supplied but isn't a known config.
2020-09-18 18:44:40 WARN  ConsumerConfig:362 - The configuration 'admin.retries' was supplied but isn't a known config.
2020-09-18 18:44:40 WARN  ConsumerConfig:362 - The configuration 'admin.retry.backoff.ms' was supplied but isn't a known config.
2020-09-18 18:44:40 WARN  ConsumerConfig:362 - The configuration 'admin.retries' was supplied but isn't a known config.
2020-09-18 18:44:40 WARN  ConsumerConfig:362 - The configuration 'admin.retry.backoff.ms' was supplied but isn't a known config.
2020-09-18 18:44:40 WARN  ConsumerConfig:362 - The configuration 'admin.retries' was supplied but isn't a known config.
2020-09-18 18:44:40 WARN  ConsumerConfig:362 - The configuration 'admin.retry.backoff.ms' was supplied but isn't a known config.
2020-09-18 18:44:40 WARN  ConsumerConfig:362 - The configuration 'admin.retries' was supplied but isn't a known config.
2020-09-18 18:44:41 INFO  App:119 - Task will start in: 918981 millis
2020-09-18 18:45:27 ERROR ProcessorStateManager:455 - stream-thread [o2o-potentials-bdeb75c1-656f-473f-a8f6-95907d80a2f5-StreamThread-4] task [2_3] Failed to flush state store KSTREAM-REDUCE-STATE-STORE-0000000006: 
org.apache.kafka.streams.errors.StreamsException: ClassCastException while producing data to topic consumer_attributes. A serializer (key: org.apache.kafka.common.serialization.ByteArraySerializer / value: org.apache.kafka.common.serialization.ByteArraySerializer) is not compatible to the actual key or value type (key type: java.lang.String / value type: java.lang.String). Change the default Serdes in StreamConfig or provide correct Serdes via method parameters (for example if using the DSL, `#to(String topic, Produced<K, V> produced)` with `Produced.keySerde(WindowedSerdes.timeWindowedSerdeFrom(String.class))`).
	at org.apache.kafka.streams.processor.internals.RecordCollectorImpl.send(RecordCollectorImpl.java:152)
	at org.apache.kafka.streams.processor.internals.RecordCollectorImpl.send(RecordCollectorImpl.java:129)
	at org.apache.kafka.streams.processor.internals.SinkNode.process(SinkNode.java:91)
	at org.apache.kafka.streams.processor.internals.ProcessorContextImpl.forward(ProcessorContextImpl.java:236)
	at org.apache.kafka.streams.processor.internals.ProcessorContextImpl.forward(ProcessorContextImpl.java:216)
	at org.apache.kafka.streams.processor.internals.ProcessorContextImpl.forward(ProcessorContextImpl.java:168)
	at org.apache.kafka.streams.kstream.internals.KStreamMap$KStreamMapProcessor.process(KStreamMap.java:42)
	at org.apache.kafka.streams.processor.internals.ProcessorNode.lambda$process$2(ProcessorNode.java:142)
	at org.apache.kafka.streams.processor.internals.metrics.StreamsMetricsImpl.maybeMeasureLatency(StreamsMetricsImpl.java:836)
	at org.apache.kafka.streams.processor.internals.ProcessorNode.process(ProcessorNode.java:142)
	at org.apache.kafka.streams.processor.internals.ProcessorContextImpl.forward(ProcessorContextImpl.java:236)
	at org.apache.kafka.streams.processor.internals.ProcessorContextImpl.forward(ProcessorContextImpl.java:216)
	at org.apache.kafka.streams.processor.internals.ProcessorContextImpl.forward(ProcessorContextImpl.java:168)
	at org.apache.kafka.streams.kstream.internals.KStreamMapValues$KStreamMapProcessor.process(KStreamMapValues.java:41)
	at org.apache.kafka.streams.processor.internals.ProcessorNode.lambda$process$2(ProcessorNode.java:142)
	at org.apache.kafka.streams.processor.internals.metrics.StreamsMetricsImpl.maybeMeasureLatency(StreamsMetricsImpl.java:836)
	at org.apache.kafka.streams.processor.internals.ProcessorNode.process(ProcessorNode.java:142)
	at org.apache.kafka.streams.processor.internals.ProcessorContextImpl.forward(ProcessorContextImpl.java:236)
	at org.apache.kafka.streams.processor.internals.ProcessorContextImpl.forward(ProcessorContextImpl.java:216)
	at org.apache.kafka.streams.kstream.internals.TimestampedCacheFlushListener.apply(TimestampedCacheFlushListener.java:45)
	at org.apache.kafka.streams.kstream.internals.TimestampedCacheFlushListener.apply(TimestampedCacheFlushListener.java:28)
	at org.apache.kafka.streams.state.internals.MeteredKeyValueStore.lambda$setFlushListener$1(MeteredKeyValueStore.java:119)
	at org.apache.kafka.streams.state.internals.CachingKeyValueStore.putAndMaybeForward(CachingKeyValueStore.java:94)
	at org.apache.kafka.streams.state.internals.CachingKeyValueStore.lambda$initInternal$0(CachingKeyValueStore.java:74)
	at org.apache.kafka.streams.state.internals.NamedCache.flush(NamedCache.java:151)
	at org.apache.kafka.streams.state.internals.NamedCache.flush(NamedCache.java:109)
	at org.apache.kafka.streams.state.internals.ThreadCache.flush(ThreadCache.java:124)
	at org.apache.kafka.streams.state.internals.CachingKeyValueStore.flush(CachingKeyValueStore.java:282)
	at org.apache.kafka.streams.state.internals.WrappedStateStore.flush(WrappedStateStore.java:84)
	at org.apache.kafka.streams.state.internals.MeteredKeyValueStore.lambda$flush$7(MeteredKeyValueStore.java:192)
	at org.apache.kafka.streams.processor.internals.metrics.StreamsMetricsImpl.maybeMeasureLatency(StreamsMetricsImpl.java:836)
	at org.apache.kafka.streams.state.internals.MeteredKeyValueStore.flush(MeteredKeyValueStore.java:192)
	at org.apache.kafka.streams.processor.internals.ProcessorStateManager.flush(ProcessorStateManager.java:445)
	at org.apache.kafka.streams.processor.internals.StreamTask.prepareCommit(StreamTask.java:357)
	at org.apache.kafka.streams.processor.internals.TaskManager.commit(TaskManager.java:955)
	at org.apache.kafka.streams.processor.internals.StreamThread.maybeCommit(StreamThread.java:851)
	at org.apache.kafka.streams.processor.internals.StreamThread.runOnce(StreamThread.java:714)
	at org.apache.kafka.streams.processor.internals.StreamThread.runLoop(StreamThread.java:551)
	at org.apache.kafka.streams.processor.internals.StreamThread.run(StreamThread.java:510)
Caused by: java.lang.ClassCastException: class java.lang.String cannot be cast to class [B (java.lang.String and [B are in module java.base of loader 'bootstrap')
	at org.apache.kafka.common.serialization.ByteArraySerializer.serialize(ByteArraySerializer.java:19)
	at org.apache.kafka.common.serialization.Serializer.serialize(Serializer.java:62)
	at org.apache.kafka.streams.processor.internals.RecordCollectorImpl.send(RecordCollectorImpl.java:146)
	... 38 more
2020-09-18 18:45:27 ERROR ProcessorStateManager:455 - stream-thread [o2o-potentials-bdeb75c1-656f-473f-a8f6-95907d80a2f5-StreamThread-2] task [2_1] Failed to flush state store KSTREAM-REDUCE-STATE-STORE-0000000006: 
org.apache.kafka.streams.errors.StreamsException: ClassCastException while producing data to topic consumer_attributes. A serializer (key: org.apache.kafka.common.serialization.ByteArraySerializer / value: org.apache.kafka.common.serialization.ByteArraySerializer) is not compatible to the actual key or value type (key type: java.lang.String / value type: java.lang.String). Change the default Serdes in StreamConfig or provide correct Serdes via method parameters (for example if using the DSL, `#to(String topic, Produced<K, V> produced)` with `Produced.keySerde(WindowedSerdes.timeWindowedSerdeFrom(String.class))`).
	at org.apache.kafka.streams.processor.internals.RecordCollectorImpl.send(RecordCollectorImpl.java:152)
	at org.apache.kafka.streams.processor.internals.RecordCollectorImpl.send(RecordCollectorImpl.java:129)
	at org.apache.kafka.streams.processor.internals.SinkNode.process(SinkNode.java:91)
	at org.apache.kafka.streams.processor.internals.ProcessorContextImpl.forward(ProcessorContextImpl.java:236)
	at org.apache.kafka.streams.processor.internals.ProcessorContextImpl.forward(ProcessorContextImpl.java:216)
	at org.apache.kafka.streams.processor.internals.ProcessorContextImpl.forward(ProcessorContextImpl.java:168)
	at org.apache.kafka.streams.kstream.internals.KStreamMap$KStreamMapProcessor.process(KStreamMap.java:42)
	at org.apache.kafka.streams.processor.internals.ProcessorNode.lambda$process$2(ProcessorNode.java:142)
	at org.apache.kafka.streams.processor.internals.metrics.StreamsMetricsImpl.maybeMeasureLatency(StreamsMetricsImpl.java:836)
	at org.apache.kafka.streams.processor.internals.ProcessorNode.process(ProcessorNode.java:142)
	at org.apache.kafka.streams.processor.internals.ProcessorContextImpl.forward(ProcessorContextImpl.java:236)
	at org.apache.kafka.streams.processor.internals.ProcessorContextImpl.forward(ProcessorContextImpl.java:216)
	at org.apache.kafka.streams.processor.internals.ProcessorContextImpl.forward(ProcessorContextImpl.java:168)
	at org.apache.kafka.streams.kstream.internals.KStreamMapValues$KStreamMapProcessor.process(KStreamMapValues.java:41)
	at org.apache.kafka.streams.processor.internals.ProcessorNode.lambda$process$2(ProcessorNode.java:142)
	at org.apache.kafka.streams.processor.internals.metrics.StreamsMetricsImpl.maybeMeasureLatency(StreamsMetricsImpl.java:836)
	at org.apache.kafka.streams.processor.internals.ProcessorNode.process(ProcessorNode.java:142)
	at org.apache.kafka.streams.processor.internals.ProcessorContextImpl.forward(ProcessorContextImpl.java:236)
	at org.apache.kafka.streams.processor.internals.ProcessorContextImpl.forward(ProcessorContextImpl.java:216)
	at org.apache.kafka.streams.kstream.internals.TimestampedCacheFlushListener.apply(TimestampedCacheFlushListener.java:45)
	at org.apache.kafka.streams.kstream.internals.TimestampedCacheFlushListener.apply(TimestampedCacheFlushListener.java:28)
	at org.apache.kafka.streams.state.internals.MeteredKeyValueStore.lambda$setFlushListener$1(MeteredKeyValueStore.java:119)
	at org.apache.kafka.streams.state.internals.CachingKeyValueStore.putAndMaybeForward(CachingKeyValueStore.java:94)
	at org.apache.kafka.streams.state.internals.CachingKeyValueStore.lambda$initInternal$0(CachingKeyValueStore.java:74)
	at org.apache.kafka.streams.state.internals.NamedCache.flush(NamedCache.java:151)
	at org.apache.kafka.streams.state.internals.NamedCache.flush(NamedCache.java:109)
	at org.apache.kafka.streams.state.internals.ThreadCache.flush(ThreadCache.java:124)
	at org.apache.kafka.streams.state.internals.CachingKeyValueStore.flush(CachingKeyValueStore.java:282)
	at org.apache.kafka.streams.state.internals.WrappedStateStore.flush(WrappedStateStore.java:84)
	at org.apache.kafka.streams.state.internals.MeteredKeyValueStore.lambda$flush$7(MeteredKeyValueStore.java:192)
	at org.apache.kafka.streams.processor.internals.metrics.StreamsMetricsImpl.maybeMeasureLatency(StreamsMetricsImpl.java:836)
	at org.apache.kafka.streams.state.internals.MeteredKeyValueStore.flush(MeteredKeyValueStore.java:192)
	at org.apache.kafka.streams.processor.internals.ProcessorStateManager.flush(ProcessorStateManager.java:445)
	at org.apache.kafka.streams.processor.internals.StreamTask.prepareCommit(StreamTask.java:357)
	at org.apache.kafka.streams.processor.internals.TaskManager.commit(TaskManager.java:955)
	at org.apache.kafka.streams.processor.internals.StreamThread.maybeCommit(StreamThread.java:851)
	at org.apache.kafka.streams.processor.internals.StreamThread.runOnce(StreamThread.java:714)
	at org.apache.kafka.streams.processor.internals.StreamThread.runLoop(StreamThread.java:551)
	at org.apache.kafka.streams.processor.internals.StreamThread.run(StreamThread.java:510)
Caused by: java.lang.ClassCastException: class java.lang.String cannot be cast to class [B (java.lang.String and [B are in module java.base of loader 'bootstrap')
	at org.apache.kafka.common.serialization.ByteArraySerializer.serialize(ByteArraySerializer.java:19)
	at org.apache.kafka.common.serialization.Serializer.serialize(Serializer.java:62)
	at org.apache.kafka.streams.processor.internals.RecordCollectorImpl.send(RecordCollectorImpl.java:146)
	... 38 more
2020-09-18 18:45:27 ERROR ProcessorStateManager:455 - stream-thread [o2o-potentials-bdeb75c1-656f-473f-a8f6-95907d80a2f5-StreamThread-1] task [2_0] Failed to flush state store KSTREAM-REDUCE-STATE-STORE-0000000006: 
org.apache.kafka.streams.errors.StreamsException: ClassCastException while producing data to topic consumer_attributes. A serializer (key: org.apache.kafka.common.serialization.ByteArraySerializer / value: org.apache.kafka.common.serialization.ByteArraySerializer) is not compatible to the actual key or value type (key type: java.lang.String / value type: java.lang.String). Change the default Serdes in StreamConfig or provide correct Serdes via method parameters (for example if using the DSL, `#to(String topic, Produced<K, V> produced)` with `Produced.keySerde(WindowedSerdes.timeWindowedSerdeFrom(String.class))`).
	at org.apache.kafka.streams.processor.internals.RecordCollectorImpl.send(RecordCollectorImpl.java:152)
	at org.apache.kafka.streams.processor.internals.RecordCollectorImpl.send(RecordCollectorImpl.java:129)
	at org.apache.kafka.streams.processor.internals.SinkNode.process(SinkNode.java:91)
	at org.apache.kafka.streams.processor.internals.ProcessorContextImpl.forward(ProcessorContextImpl.java:236)
	at org.apache.kafka.streams.processor.internals.ProcessorContextImpl.forward(ProcessorContextImpl.java:216)
	at org.apache.kafka.streams.processor.internals.ProcessorContextImpl.forward(ProcessorContextImpl.java:168)
	at org.apache.kafka.streams.kstream.internals.KStreamMap$KStreamMapProcessor.process(KStreamMap.java:42)
	at org.apache.kafka.streams.processor.internals.ProcessorNode.lambda$process$2(ProcessorNode.java:142)
	at org.apache.kafka.streams.processor.internals.metrics.StreamsMetricsImpl.maybeMeasureLatency(StreamsMetricsImpl.java:836)
	at org.apache.kafka.streams.processor.internals.ProcessorNode.process(ProcessorNode.java:142)
	at org.apache.kafka.streams.processor.internals.ProcessorContextImpl.forward(ProcessorContextImpl.java:236)
	at org.apache.kafka.streams.processor.internals.ProcessorContextImpl.forward(ProcessorContextImpl.java:216)
	at org.apache.kafka.streams.processor.internals.ProcessorContextImpl.forward(ProcessorContextImpl.java:168)
	at org.apache.kafka.streams.kstream.internals.KStreamMapValues$KStreamMapProcessor.process(KStreamMapValues.java:41)
	at org.apache.kafka.streams.processor.internals.ProcessorNode.lambda$process$2(ProcessorNode.java:142)
	at org.apache.kafka.streams.processor.internals.metrics.StreamsMetricsImpl.maybeMeasureLatency(StreamsMetricsImpl.java:836)
	at org.apache.kafka.streams.processor.internals.ProcessorNode.process(ProcessorNode.java:142)
	at org.apache.kafka.streams.processor.internals.ProcessorContextImpl.forward(ProcessorContextImpl.java:236)
	at org.apache.kafka.streams.processor.internals.ProcessorContextImpl.forward(ProcessorContextImpl.java:216)
	at org.apache.kafka.streams.kstream.internals.TimestampedCacheFlushListener.apply(TimestampedCacheFlushListener.java:45)
	at org.apache.kafka.streams.kstream.internals.TimestampedCacheFlushListener.apply(TimestampedCacheFlushListener.java:28)
	at org.apache.kafka.streams.state.internals.MeteredKeyValueStore.lambda$setFlushListener$1(MeteredKeyValueStore.java:119)
	at org.apache.kafka.streams.state.internals.CachingKeyValueStore.putAndMaybeForward(CachingKeyValueStore.java:94)
	at org.apache.kafka.streams.state.internals.CachingKeyValueStore.lambda$initInternal$0(CachingKeyValueStore.java:74)
	at org.apache.kafka.streams.state.internals.NamedCache.flush(NamedCache.java:151)
	at org.apache.kafka.streams.state.internals.NamedCache.flush(NamedCache.java:109)
	at org.apache.kafka.streams.state.internals.ThreadCache.flush(ThreadCache.java:124)
	at org.apache.kafka.streams.state.internals.CachingKeyValueStore.flush(CachingKeyValueStore.java:282)
	at org.apache.kafka.streams.state.internals.WrappedStateStore.flush(WrappedStateStore.java:84)
	at org.apache.kafka.streams.state.internals.MeteredKeyValueStore.lambda$flush$7(MeteredKeyValueStore.java:192)
	at org.apache.kafka.streams.processor.internals.metrics.StreamsMetricsImpl.maybeMeasureLatency(StreamsMetricsImpl.java:836)
	at org.apache.kafka.streams.state.internals.MeteredKeyValueStore.flush(MeteredKeyValueStore.java:192)
	at org.apache.kafka.streams.processor.internals.ProcessorStateManager.flush(ProcessorStateManager.java:445)
	at org.apache.kafka.streams.processor.internals.StreamTask.prepareCommit(StreamTask.java:357)
	at org.apache.kafka.streams.processor.internals.TaskManager.commit(TaskManager.java:955)
	at org.apache.kafka.streams.processor.internals.StreamThread.maybeCommit(StreamThread.java:851)
	at org.apache.kafka.streams.processor.internals.StreamThread.runOnce(StreamThread.java:714)
	at org.apache.kafka.streams.processor.internals.StreamThread.runLoop(StreamThread.java:551)
	at org.apache.kafka.streams.processor.internals.StreamThread.run(StreamThread.java:510)
Caused by: java.lang.ClassCastException: class java.lang.String cannot be cast to class [B (java.lang.String and [B are in module java.base of loader 'bootstrap')
	at org.apache.kafka.common.serialization.ByteArraySerializer.serialize(ByteArraySerializer.java:19)
	at org.apache.kafka.common.serialization.Serializer.serialize(Serializer.java:62)
	at org.apache.kafka.streams.processor.internals.RecordCollectorImpl.send(RecordCollectorImpl.java:146)
	... 38 more
2020-09-18 18:45:28 ERROR StreamThread:530 - stream-thread [o2o-potentials-bdeb75c1-656f-473f-a8f6-95907d80a2f5-StreamThread-4] Encountered the following exception during processing and the thread is going to shut down: 
org.apache.kafka.streams.errors.StreamsException: ClassCastException while producing data to topic consumer_attributes. A serializer (key: org.apache.kafka.common.serialization.ByteArraySerializer / value: org.apache.kafka.common.serialization.ByteArraySerializer) is not compatible to the actual key or value type (key type: java.lang.String / value type: java.lang.String). Change the default Serdes in StreamConfig or provide correct Serdes via method parameters (for example if using the DSL, `#to(String topic, Produced<K, V> produced)` with `Produced.keySerde(WindowedSerdes.timeWindowedSerdeFrom(String.class))`).
	at org.apache.kafka.streams.processor.internals.RecordCollectorImpl.send(RecordCollectorImpl.java:152)
	at org.apache.kafka.streams.processor.internals.RecordCollectorImpl.send(RecordCollectorImpl.java:129)
	at org.apache.kafka.streams.processor.internals.SinkNode.process(SinkNode.java:91)
	at org.apache.kafka.streams.processor.internals.ProcessorContextImpl.forward(ProcessorContextImpl.java:236)
	at org.apache.kafka.streams.processor.internals.ProcessorContextImpl.forward(ProcessorContextImpl.java:216)
	at org.apache.kafka.streams.processor.internals.ProcessorContextImpl.forward(ProcessorContextImpl.java:168)
	at org.apache.kafka.streams.kstream.internals.KStreamMap$KStreamMapProcessor.process(KStreamMap.java:42)
	at org.apache.kafka.streams.processor.internals.ProcessorNode.lambda$process$2(ProcessorNode.java:142)
	at org.apache.kafka.streams.processor.internals.metrics.StreamsMetricsImpl.maybeMeasureLatency(StreamsMetricsImpl.java:836)
	at org.apache.kafka.streams.processor.internals.ProcessorNode.process(ProcessorNode.java:142)
	at org.apache.kafka.streams.processor.internals.ProcessorContextImpl.forward(ProcessorContextImpl.java:236)
	at org.apache.kafka.streams.processor.internals.ProcessorContextImpl.forward(ProcessorContextImpl.java:216)
	at org.apache.kafka.streams.processor.internals.ProcessorContextImpl.forward(ProcessorContextImpl.java:168)
	at org.apache.kafka.streams.kstream.internals.KStreamMapValues$KStreamMapProcessor.process(KStreamMapValues.java:41)
	at org.apache.kafka.streams.processor.internals.ProcessorNode.lambda$process$2(ProcessorNode.java:142)
	at org.apache.kafka.streams.processor.internals.metrics.StreamsMetricsImpl.maybeMeasureLatency(StreamsMetricsImpl.java:836)
	at org.apache.kafka.streams.processor.internals.ProcessorNode.process(ProcessorNode.java:142)
	at org.apache.kafka.streams.processor.internals.ProcessorContextImpl.forward(ProcessorContextImpl.java:236)
	at org.apache.kafka.streams.processor.internals.ProcessorContextImpl.forward(ProcessorContextImpl.java:216)
	at org.apache.kafka.streams.kstream.internals.TimestampedCacheFlushListener.apply(TimestampedCacheFlushListener.java:45)
	at org.apache.kafka.streams.kstream.internals.TimestampedCacheFlushListener.apply(TimestampedCacheFlushListener.java:28)
	at org.apache.kafka.streams.state.internals.MeteredKeyValueStore.lambda$setFlushListener$1(MeteredKeyValueStore.java:119)
	at org.apache.kafka.streams.state.internals.CachingKeyValueStore.putAndMaybeForward(CachingKeyValueStore.java:94)
	at org.apache.kafka.streams.state.internals.CachingKeyValueStore.lambda$initInternal$0(CachingKeyValueStore.java:74)
	at org.apache.kafka.streams.state.internals.NamedCache.flush(NamedCache.java:151)
	at org.apache.kafka.streams.state.internals.NamedCache.flush(NamedCache.java:109)
	at org.apache.kafka.streams.state.internals.ThreadCache.flush(ThreadCache.java:124)
	at org.apache.kafka.streams.state.internals.CachingKeyValueStore.flush(CachingKeyValueStore.java:282)
	at org.apache.kafka.streams.state.internals.WrappedStateStore.flush(WrappedStateStore.java:84)
	at org.apache.kafka.streams.state.internals.MeteredKeyValueStore.lambda$flush$7(MeteredKeyValueStore.java:192)
	at org.apache.kafka.streams.processor.internals.metrics.StreamsMetricsImpl.maybeMeasureLatency(StreamsMetricsImpl.java:836)
	at org.apache.kafka.streams.state.internals.MeteredKeyValueStore.flush(MeteredKeyValueStore.java:192)
	at org.apache.kafka.streams.processor.internals.ProcessorStateManager.flush(ProcessorStateManager.java:445)
	at org.apache.kafka.streams.processor.internals.StreamTask.prepareCommit(StreamTask.java:357)
	at org.apache.kafka.streams.processor.internals.TaskManager.commit(TaskManager.java:955)
	at org.apache.kafka.streams.processor.internals.StreamThread.maybeCommit(StreamThread.java:851)
	at org.apache.kafka.streams.processor.internals.StreamThread.runOnce(StreamThread.java:714)
	at org.apache.kafka.streams.processor.internals.StreamThread.runLoop(StreamThread.java:551)
	at org.apache.kafka.streams.processor.internals.StreamThread.run(StreamThread.java:510)
Caused by: java.lang.ClassCastException: class java.lang.String cannot be cast to class [B (java.lang.String and [B are in module java.base of loader 'bootstrap')
	at org.apache.kafka.common.serialization.ByteArraySerializer.serialize(ByteArraySerializer.java:19)
	at org.apache.kafka.common.serialization.Serializer.serialize(Serializer.java:62)
	at org.apache.kafka.streams.processor.internals.RecordCollectorImpl.send(RecordCollectorImpl.java:146)
	... 38 more
2020-09-18 18:45:28 ERROR StreamThread:530 - stream-thread [o2o-potentials-bdeb75c1-656f-473f-a8f6-95907d80a2f5-StreamThread-2] Encountered the following exception during processing and the thread is going to shut down: 
org.apache.kafka.streams.errors.StreamsException: ClassCastException while producing data to topic consumer_attributes. A serializer (key: org.apache.kafka.common.serialization.ByteArraySerializer / value: org.apache.kafka.common.serialization.ByteArraySerializer) is not compatible to the actual key or value type (key type: java.lang.String / value type: java.lang.String). Change the default Serdes in StreamConfig or provide correct Serdes via method parameters (for example if using the DSL, `#to(String topic, Produced<K, V> produced)` with `Produced.keySerde(WindowedSerdes.timeWindowedSerdeFrom(String.class))`).
	at org.apache.kafka.streams.processor.internals.RecordCollectorImpl.send(RecordCollectorImpl.java:152)
	at org.apache.kafka.streams.processor.internals.RecordCollectorImpl.send(RecordCollectorImpl.java:129)
	at org.apache.kafka.streams.processor.internals.SinkNode.process(SinkNode.java:91)
	at org.apache.kafka.streams.processor.internals.ProcessorContextImpl.forward(ProcessorContextImpl.java:236)
	at org.apache.kafka.streams.processor.internals.ProcessorContextImpl.forward(ProcessorContextImpl.java:216)
	at org.apache.kafka.streams.processor.internals.ProcessorContextImpl.forward(ProcessorContextImpl.java:168)
	at org.apache.kafka.streams.kstream.internals.KStreamMap$KStreamMapProcessor.process(KStreamMap.java:42)
	at org.apache.kafka.streams.processor.internals.ProcessorNode.lambda$process$2(ProcessorNode.java:142)
	at org.apache.kafka.streams.processor.internals.metrics.StreamsMetricsImpl.maybeMeasureLatency(StreamsMetricsImpl.java:836)
	at org.apache.kafka.streams.processor.internals.ProcessorNode.process(ProcessorNode.java:142)
	at org.apache.kafka.streams.processor.internals.ProcessorContextImpl.forward(ProcessorContextImpl.java:236)
	at org.apache.kafka.streams.processor.internals.ProcessorContextImpl.forward(ProcessorContextImpl.java:216)
	at org.apache.kafka.streams.processor.internals.ProcessorContextImpl.forward(ProcessorContextImpl.java:168)
	at org.apache.kafka.streams.kstream.internals.KStreamMapValues$KStreamMapProcessor.process(KStreamMapValues.java:41)
	at org.apache.kafka.streams.processor.internals.ProcessorNode.lambda$process$2(ProcessorNode.java:142)
	at org.apache.kafka.streams.processor.internals.metrics.StreamsMetricsImpl.maybeMeasureLatency(StreamsMetricsImpl.java:836)
	at org.apache.kafka.streams.processor.internals.ProcessorNode.process(ProcessorNode.java:142)
	at org.apache.kafka.streams.processor.internals.ProcessorContextImpl.forward(ProcessorContextImpl.java:236)
	at org.apache.kafka.streams.processor.internals.ProcessorContextImpl.forward(ProcessorContextImpl.java:216)
	at org.apache.kafka.streams.kstream.internals.TimestampedCacheFlushListener.apply(TimestampedCacheFlushListener.java:45)
	at org.apache.kafka.streams.kstream.internals.TimestampedCacheFlushListener.apply(TimestampedCacheFlushListener.java:28)
	at org.apache.kafka.streams.state.internals.MeteredKeyValueStore.lambda$setFlushListener$1(MeteredKeyValueStore.java:119)
	at org.apache.kafka.streams.state.internals.CachingKeyValueStore.putAndMaybeForward(CachingKeyValueStore.java:94)
	at org.apache.kafka.streams.state.internals.CachingKeyValueStore.lambda$initInternal$0(CachingKeyValueStore.java:74)
	at org.apache.kafka.streams.state.internals.NamedCache.flush(NamedCache.java:151)
	at org.apache.kafka.streams.state.internals.NamedCache.flush(NamedCache.java:109)
	at org.apache.kafka.streams.state.internals.ThreadCache.flush(ThreadCache.java:124)
	at org.apache.kafka.streams.state.internals.CachingKeyValueStore.flush(CachingKeyValueStore.java:282)
	at org.apache.kafka.streams.state.internals.WrappedStateStore.flush(WrappedStateStore.java:84)
	at org.apache.kafka.streams.state.internals.MeteredKeyValueStore.lambda$flush$7(MeteredKeyValueStore.java:192)
	at org.apache.kafka.streams.processor.internals.metrics.StreamsMetricsImpl.maybeMeasureLatency(StreamsMetricsImpl.java:836)
	at org.apache.kafka.streams.state.internals.MeteredKeyValueStore.flush(MeteredKeyValueStore.java:192)
	at org.apache.kafka.streams.processor.internals.ProcessorStateManager.flush(ProcessorStateManager.java:445)
	at org.apache.kafka.streams.processor.internals.StreamTask.prepareCommit(StreamTask.java:357)
	at org.apache.kafka.streams.processor.internals.TaskManager.commit(TaskManager.java:955)
	at org.apache.kafka.streams.processor.internals.StreamThread.maybeCommit(StreamThread.java:851)
	at org.apache.kafka.streams.processor.internals.StreamThread.runOnce(StreamThread.java:714)
	at org.apache.kafka.streams.processor.internals.StreamThread.runLoop(StreamThread.java:551)
	at org.apache.kafka.streams.processor.internals.StreamThread.run(StreamThread.java:510)
Caused by: java.lang.ClassCastException: class java.lang.String cannot be cast to class [B (java.lang.String and [B are in module java.base of loader 'bootstrap')
	at org.apache.kafka.common.serialization.ByteArraySerializer.serialize(ByteArraySerializer.java:19)
	at org.apache.kafka.common.serialization.Serializer.serialize(Serializer.java:62)
	at org.apache.kafka.streams.processor.internals.RecordCollectorImpl.send(RecordCollectorImpl.java:146)
	... 38 more
2020-09-18 18:45:28 ERROR StreamThread:530 - stream-thread [o2o-potentials-bdeb75c1-656f-473f-a8f6-95907d80a2f5-StreamThread-1] Encountered the following exception during processing and the thread is going to shut down: 
org.apache.kafka.streams.errors.StreamsException: ClassCastException while producing data to topic consumer_attributes. A serializer (key: org.apache.kafka.common.serialization.ByteArraySerializer / value: org.apache.kafka.common.serialization.ByteArraySerializer) is not compatible to the actual key or value type (key type: java.lang.String / value type: java.lang.String). Change the default Serdes in StreamConfig or provide correct Serdes via method parameters (for example if using the DSL, `#to(String topic, Produced<K, V> produced)` with `Produced.keySerde(WindowedSerdes.timeWindowedSerdeFrom(String.class))`).
	at org.apache.kafka.streams.processor.internals.RecordCollectorImpl.send(RecordCollectorImpl.java:152)
	at org.apache.kafka.streams.processor.internals.RecordCollectorImpl.send(RecordCollectorImpl.java:129)
	at org.apache.kafka.streams.processor.internals.SinkNode.process(SinkNode.java:91)
	at org.apache.kafka.streams.processor.internals.ProcessorContextImpl.forward(ProcessorContextImpl.java:236)
	at org.apache.kafka.streams.processor.internals.ProcessorContextImpl.forward(ProcessorContextImpl.java:216)
	at org.apache.kafka.streams.processor.internals.ProcessorContextImpl.forward(ProcessorContextImpl.java:168)
	at org.apache.kafka.streams.kstream.internals.KStreamMap$KStreamMapProcessor.process(KStreamMap.java:42)
	at org.apache.kafka.streams.processor.internals.ProcessorNode.lambda$process$2(ProcessorNode.java:142)
	at org.apache.kafka.streams.processor.internals.metrics.StreamsMetricsImpl.maybeMeasureLatency(StreamsMetricsImpl.java:836)
	at org.apache.kafka.streams.processor.internals.ProcessorNode.process(ProcessorNode.java:142)
	at org.apache.kafka.streams.processor.internals.ProcessorContextImpl.forward(ProcessorContextImpl.java:236)
	at org.apache.kafka.streams.processor.internals.ProcessorContextImpl.forward(ProcessorContextImpl.java:216)
	at org.apache.kafka.streams.processor.internals.ProcessorContextImpl.forward(ProcessorContextImpl.java:168)
	at org.apache.kafka.streams.kstream.internals.KStreamMapValues$KStreamMapProcessor.process(KStreamMapValues.java:41)
	at org.apache.kafka.streams.processor.internals.ProcessorNode.lambda$process$2(ProcessorNode.java:142)
	at org.apache.kafka.streams.processor.internals.metrics.StreamsMetricsImpl.maybeMeasureLatency(StreamsMetricsImpl.java:836)
	at org.apache.kafka.streams.processor.internals.ProcessorNode.process(ProcessorNode.java:142)
	at org.apache.kafka.streams.processor.internals.ProcessorContextImpl.forward(ProcessorContextImpl.java:236)
	at org.apache.kafka.streams.processor.internals.ProcessorContextImpl.forward(ProcessorContextImpl.java:216)
	at org.apache.kafka.streams.kstream.internals.TimestampedCacheFlushListener.apply(TimestampedCacheFlushListener.java:45)
	at org.apache.kafka.streams.kstream.internals.TimestampedCacheFlushListener.apply(TimestampedCacheFlushListener.java:28)
	at org.apache.kafka.streams.state.internals.MeteredKeyValueStore.lambda$setFlushListener$1(MeteredKeyValueStore.java:119)
	at org.apache.kafka.streams.state.internals.CachingKeyValueStore.putAndMaybeForward(CachingKeyValueStore.java:94)
	at org.apache.kafka.streams.state.internals.CachingKeyValueStore.lambda$initInternal$0(CachingKeyValueStore.java:74)
	at org.apache.kafka.streams.state.internals.NamedCache.flush(NamedCache.java:151)
	at org.apache.kafka.streams.state.internals.NamedCache.flush(NamedCache.java:109)
	at org.apache.kafka.streams.state.internals.ThreadCache.flush(ThreadCache.java:124)
	at org.apache.kafka.streams.state.internals.CachingKeyValueStore.flush(CachingKeyValueStore.java:282)
	at org.apache.kafka.streams.state.internals.WrappedStateStore.flush(WrappedStateStore.java:84)
	at org.apache.kafka.streams.state.internals.MeteredKeyValueStore.lambda$flush$7(MeteredKeyValueStore.java:192)
	at org.apache.kafka.streams.processor.internals.metrics.StreamsMetricsImpl.maybeMeasureLatency(StreamsMetricsImpl.java:836)
	at org.apache.kafka.streams.state.internals.MeteredKeyValueStore.flush(MeteredKeyValueStore.java:192)
	at org.apache.kafka.streams.processor.internals.ProcessorStateManager.flush(ProcessorStateManager.java:445)
	at org.apache.kafka.streams.processor.internals.StreamTask.prepareCommit(StreamTask.java:357)
	at org.apache.kafka.streams.processor.internals.TaskManager.commit(TaskManager.java:955)
	at org.apache.kafka.streams.processor.internals.StreamThread.maybeCommit(StreamThread.java:851)
	at org.apache.kafka.streams.processor.internals.StreamThread.runOnce(StreamThread.java:714)
	at org.apache.kafka.streams.processor.internals.StreamThread.runLoop(StreamThread.java:551)
	at org.apache.kafka.streams.processor.internals.StreamThread.run(StreamThread.java:510)
Caused by: java.lang.ClassCastException: class java.lang.String cannot be cast to class [B (java.lang.String and [B are in module java.base of loader 'bootstrap')
	at org.apache.kafka.common.serialization.ByteArraySerializer.serialize(ByteArraySerializer.java:19)
	at org.apache.kafka.common.serialization.Serializer.serialize(Serializer.java:62)
	at org.apache.kafka.streams.processor.internals.RecordCollectorImpl.send(RecordCollectorImpl.java:146)
	... 38 more
2020-09-18 18:45:36 ERROR TaskManager:1044 - stream-thread [o2o-potentials-bdeb75c1-656f-473f-a8f6-95907d80a2f5-StreamThread-3] Failed to process stream task 2_2 due to the following error:
org.apache.kafka.streams.errors.StreamsException: ClassCastException while producing data to topic consumer_attributes. A serializer (key: org.apache.kafka.common.serialization.ByteArraySerializer / value: org.apache.kafka.common.serialization.ByteArraySerializer) is not compatible to the actual key or value type (key type: java.lang.String / value type: java.lang.String). Change the default Serdes in StreamConfig or provide correct Serdes via method parameters (for example if using the DSL, `#to(String topic, Produced<K, V> produced)` with `Produced.keySerde(WindowedSerdes.timeWindowedSerdeFrom(String.class))`).
	at org.apache.kafka.streams.processor.internals.RecordCollectorImpl.send(RecordCollectorImpl.java:152)
	at org.apache.kafka.streams.processor.internals.RecordCollectorImpl.send(RecordCollectorImpl.java:129)
	at org.apache.kafka.streams.processor.internals.SinkNode.process(SinkNode.java:91)
	at org.apache.kafka.streams.processor.internals.ProcessorContextImpl.forward(ProcessorContextImpl.java:236)
	at org.apache.kafka.streams.processor.internals.ProcessorContextImpl.forward(ProcessorContextImpl.java:216)
	at org.apache.kafka.streams.processor.internals.ProcessorContextImpl.forward(ProcessorContextImpl.java:168)
	at org.apache.kafka.streams.kstream.internals.KStreamMap$KStreamMapProcessor.process(KStreamMap.java:42)
	at org.apache.kafka.streams.processor.internals.ProcessorNode.lambda$process$2(ProcessorNode.java:142)
	at org.apache.kafka.streams.processor.internals.metrics.StreamsMetricsImpl.maybeMeasureLatency(StreamsMetricsImpl.java:836)
	at org.apache.kafka.streams.processor.internals.ProcessorNode.process(ProcessorNode.java:142)
	at org.apache.kafka.streams.processor.internals.ProcessorContextImpl.forward(ProcessorContextImpl.java:236)
	at org.apache.kafka.streams.processor.internals.ProcessorContextImpl.forward(ProcessorContextImpl.java:216)
	at org.apache.kafka.streams.processor.internals.ProcessorContextImpl.forward(ProcessorContextImpl.java:168)
	at org.apache.kafka.streams.kstream.internals.KStreamMapValues$KStreamMapProcessor.process(KStreamMapValues.java:41)
	at org.apache.kafka.streams.processor.internals.ProcessorNode.lambda$process$2(ProcessorNode.java:142)
	at org.apache.kafka.streams.processor.internals.metrics.StreamsMetricsImpl.maybeMeasureLatency(StreamsMetricsImpl.java:836)
	at org.apache.kafka.streams.processor.internals.ProcessorNode.process(ProcessorNode.java:142)
	at org.apache.kafka.streams.processor.internals.ProcessorContextImpl.forward(ProcessorContextImpl.java:236)
	at org.apache.kafka.streams.processor.internals.ProcessorContextImpl.forward(ProcessorContextImpl.java:216)
	at org.apache.kafka.streams.kstream.internals.TimestampedCacheFlushListener.apply(TimestampedCacheFlushListener.java:45)
	at org.apache.kafka.streams.kstream.internals.TimestampedCacheFlushListener.apply(TimestampedCacheFlushListener.java:28)
	at org.apache.kafka.streams.state.internals.MeteredKeyValueStore.lambda$setFlushListener$1(MeteredKeyValueStore.java:119)
	at org.apache.kafka.streams.state.internals.CachingKeyValueStore.putAndMaybeForward(CachingKeyValueStore.java:94)
	at org.apache.kafka.streams.state.internals.CachingKeyValueStore.lambda$initInternal$0(CachingKeyValueStore.java:74)
	at org.apache.kafka.streams.state.internals.NamedCache.flush(NamedCache.java:151)
	at org.apache.kafka.streams.state.internals.NamedCache.evict(NamedCache.java:244)
	at org.apache.kafka.streams.state.internals.ThreadCache.maybeEvict(ThreadCache.java:240)
	at org.apache.kafka.streams.state.internals.ThreadCache.put(ThreadCache.java:150)
	at org.apache.kafka.streams.state.internals.CachingKeyValueStore.putInternal(CachingKeyValueStore.java:134)
	at org.apache.kafka.streams.state.internals.CachingKeyValueStore.put(CachingKeyValueStore.java:126)
	at org.apache.kafka.streams.state.internals.CachingKeyValueStore.put(CachingKeyValueStore.java:40)
	at org.apache.kafka.streams.state.internals.MeteredKeyValueStore.lambda$put$3(MeteredKeyValueStore.java:144)
	at org.apache.kafka.streams.processor.internals.metrics.StreamsMetricsImpl.maybeMeasureLatency(StreamsMetricsImpl.java:836)
	at org.apache.kafka.streams.state.internals.MeteredKeyValueStore.put(MeteredKeyValueStore.java:144)
	at org.apache.kafka.streams.processor.internals.AbstractReadWriteDecorator$KeyValueStoreReadWriteDecorator.put(AbstractReadWriteDecorator.java:100)
	at org.apache.kafka.streams.kstream.internals.KStreamReduce$KStreamReduceProcessor.process(KStreamReduce.java:103)
	at org.apache.kafka.streams.processor.internals.ProcessorNode.lambda$process$2(ProcessorNode.java:142)
	at org.apache.kafka.streams.processor.internals.metrics.StreamsMetricsImpl.maybeMeasureLatency(StreamsMetricsImpl.java:836)
	at org.apache.kafka.streams.processor.internals.ProcessorNode.process(ProcessorNode.java:142)
	at org.apache.kafka.streams.processor.internals.ProcessorContextImpl.forward(ProcessorContextImpl.java:236)
	at org.apache.kafka.streams.processor.internals.ProcessorContextImpl.forward(ProcessorContextImpl.java:216)
	at org.apache.kafka.streams.processor.internals.ProcessorContextImpl.forward(ProcessorContextImpl.java:168)
	at org.apache.kafka.streams.processor.internals.SourceNode.process(SourceNode.java:96)
	at org.apache.kafka.streams.processor.internals.StreamTask.lambda$process$1(StreamTask.java:679)
	at org.apache.kafka.streams.processor.internals.metrics.StreamsMetricsImpl.maybeMeasureLatency(StreamsMetricsImpl.java:836)
	at org.apache.kafka.streams.processor.internals.StreamTask.process(StreamTask.java:679)
	at org.apache.kafka.streams.processor.internals.TaskManager.process(TaskManager.java:1033)
	at org.apache.kafka.streams.processor.internals.StreamThread.runOnce(StreamThread.java:690)
	at org.apache.kafka.streams.processor.internals.StreamThread.runLoop(StreamThread.java:551)
	at org.apache.kafka.streams.processor.internals.StreamThread.run(StreamThread.java:510)
Caused by: java.lang.ClassCastException: class java.lang.String cannot be cast to class [B (java.lang.String and [B are in module java.base of loader 'bootstrap')
	at org.apache.kafka.common.serialization.ByteArraySerializer.serialize(ByteArraySerializer.java:19)
	at org.apache.kafka.common.serialization.Serializer.serialize(Serializer.java:62)
	at org.apache.kafka.streams.processor.internals.RecordCollectorImpl.send(RecordCollectorImpl.java:146)
	... 49 more
2020-09-18 18:45:36 ERROR StreamThread:530 - stream-thread [o2o-potentials-bdeb75c1-656f-473f-a8f6-95907d80a2f5-StreamThread-3] Encountered the following exception during processing and the thread is going to shut down: 
org.apache.kafka.streams.errors.StreamsException: ClassCastException while producing data to topic consumer_attributes. A serializer (key: org.apache.kafka.common.serialization.ByteArraySerializer / value: org.apache.kafka.common.serialization.ByteArraySerializer) is not compatible to the actual key or value type (key type: java.lang.String / value type: java.lang.String). Change the default Serdes in StreamConfig or provide correct Serdes via method parameters (for example if using the DSL, `#to(String topic, Produced<K, V> produced)` with `Produced.keySerde(WindowedSerdes.timeWindowedSerdeFrom(String.class))`).
	at org.apache.kafka.streams.processor.internals.RecordCollectorImpl.send(RecordCollectorImpl.java:152)
	at org.apache.kafka.streams.processor.internals.RecordCollectorImpl.send(RecordCollectorImpl.java:129)
	at org.apache.kafka.streams.processor.internals.SinkNode.process(SinkNode.java:91)
	at org.apache.kafka.streams.processor.internals.ProcessorContextImpl.forward(ProcessorContextImpl.java:236)
	at org.apache.kafka.streams.processor.internals.ProcessorContextImpl.forward(ProcessorContextImpl.java:216)
	at org.apache.kafka.streams.processor.internals.ProcessorContextImpl.forward(ProcessorContextImpl.java:168)
	at org.apache.kafka.streams.kstream.internals.KStreamMap$KStreamMapProcessor.process(KStreamMap.java:42)
	at org.apache.kafka.streams.processor.internals.ProcessorNode.lambda$process$2(ProcessorNode.java:142)
	at org.apache.kafka.streams.processor.internals.metrics.StreamsMetricsImpl.maybeMeasureLatency(StreamsMetricsImpl.java:836)
	at org.apache.kafka.streams.processor.internals.ProcessorNode.process(ProcessorNode.java:142)
	at org.apache.kafka.streams.processor.internals.ProcessorContextImpl.forward(ProcessorContextImpl.java:236)
	at org.apache.kafka.streams.processor.internals.ProcessorContextImpl.forward(ProcessorContextImpl.java:216)
	at org.apache.kafka.streams.processor.internals.ProcessorContextImpl.forward(ProcessorContextImpl.java:168)
	at org.apache.kafka.streams.kstream.internals.KStreamMapValues$KStreamMapProcessor.process(KStreamMapValues.java:41)
	at org.apache.kafka.streams.processor.internals.ProcessorNode.lambda$process$2(ProcessorNode.java:142)
	at org.apache.kafka.streams.processor.internals.metrics.StreamsMetricsImpl.maybeMeasureLatency(StreamsMetricsImpl.java:836)
	at org.apache.kafka.streams.processor.internals.ProcessorNode.process(ProcessorNode.java:142)
	at org.apache.kafka.streams.processor.internals.ProcessorContextImpl.forward(ProcessorContextImpl.java:236)
	at org.apache.kafka.streams.processor.internals.ProcessorContextImpl.forward(ProcessorContextImpl.java:216)
	at org.apache.kafka.streams.kstream.internals.TimestampedCacheFlushListener.apply(TimestampedCacheFlushListener.java:45)
	at org.apache.kafka.streams.kstream.internals.TimestampedCacheFlushListener.apply(TimestampedCacheFlushListener.java:28)
	at org.apache.kafka.streams.state.internals.MeteredKeyValueStore.lambda$setFlushListener$1(MeteredKeyValueStore.java:119)
	at org.apache.kafka.streams.state.internals.CachingKeyValueStore.putAndMaybeForward(CachingKeyValueStore.java:94)
	at org.apache.kafka.streams.state.internals.CachingKeyValueStore.lambda$initInternal$0(CachingKeyValueStore.java:74)
	at org.apache.kafka.streams.state.internals.NamedCache.flush(NamedCache.java:151)
	at org.apache.kafka.streams.state.internals.NamedCache.evict(NamedCache.java:244)
	at org.apache.kafka.streams.state.internals.ThreadCache.maybeEvict(ThreadCache.java:240)
	at org.apache.kafka.streams.state.internals.ThreadCache.put(ThreadCache.java:150)
	at org.apache.kafka.streams.state.internals.CachingKeyValueStore.putInternal(CachingKeyValueStore.java:134)
	at org.apache.kafka.streams.state.internals.CachingKeyValueStore.put(CachingKeyValueStore.java:126)
	at org.apache.kafka.streams.state.internals.CachingKeyValueStore.put(CachingKeyValueStore.java:40)
	at org.apache.kafka.streams.state.internals.MeteredKeyValueStore.lambda$put$3(MeteredKeyValueStore.java:144)
	at org.apache.kafka.streams.processor.internals.metrics.StreamsMetricsImpl.maybeMeasureLatency(StreamsMetricsImpl.java:836)
	at org.apache.kafka.streams.state.internals.MeteredKeyValueStore.put(MeteredKeyValueStore.java:144)
	at org.apache.kafka.streams.processor.internals.AbstractReadWriteDecorator$KeyValueStoreReadWriteDecorator.put(AbstractReadWriteDecorator.java:100)
	at org.apache.kafka.streams.kstream.internals.KStreamReduce$KStreamReduceProcessor.process(KStreamReduce.java:103)
	at org.apache.kafka.streams.processor.internals.ProcessorNode.lambda$process$2(ProcessorNode.java:142)
	at org.apache.kafka.streams.processor.internals.metrics.StreamsMetricsImpl.maybeMeasureLatency(StreamsMetricsImpl.java:836)
	at org.apache.kafka.streams.processor.internals.ProcessorNode.process(ProcessorNode.java:142)
	at org.apache.kafka.streams.processor.internals.ProcessorContextImpl.forward(ProcessorContextImpl.java:236)
	at org.apache.kafka.streams.processor.internals.ProcessorContextImpl.forward(ProcessorContextImpl.java:216)
	at org.apache.kafka.streams.processor.internals.ProcessorContextImpl.forward(ProcessorContextImpl.java:168)
	at org.apache.kafka.streams.processor.internals.SourceNode.process(SourceNode.java:96)
	at org.apache.kafka.streams.processor.internals.StreamTask.lambda$process$1(StreamTask.java:679)
	at org.apache.kafka.streams.processor.internals.metrics.StreamsMetricsImpl.maybeMeasureLatency(StreamsMetricsImpl.java:836)
	at org.apache.kafka.streams.processor.internals.StreamTask.process(StreamTask.java:679)
	at org.apache.kafka.streams.processor.internals.TaskManager.process(TaskManager.java:1033)
	at org.apache.kafka.streams.processor.internals.StreamThread.runOnce(StreamThread.java:690)
	at org.apache.kafka.streams.processor.internals.StreamThread.runLoop(StreamThread.java:551)
	at org.apache.kafka.streams.processor.internals.StreamThread.run(StreamThread.java:510)
Caused by: java.lang.ClassCastException: class java.lang.String cannot be cast to class [B (java.lang.String and [B are in module java.base of loader 'bootstrap')
	at org.apache.kafka.common.serialization.ByteArraySerializer.serialize(ByteArraySerializer.java:19)
	at org.apache.kafka.common.serialization.Serializer.serialize(Serializer.java:62)
	at org.apache.kafka.streams.processor.internals.RecordCollectorImpl.send(RecordCollectorImpl.java:146)
	... 49 more
2020-09-18 18:45:37 ERROR KafkaStreams:443 - stream-client [o2o-potentials-bdeb75c1-656f-473f-a8f6-95907d80a2f5] All stream threads have died. The instance will be in error state and should be closed.
2020-09-19 17:04:30 WARN  ConsumerConfig:362 - The configuration 'admin.retry.backoff.ms' was supplied but isn't a known config.
2020-09-19 17:04:30 WARN  ConsumerConfig:362 - The configuration 'admin.retries' was supplied but isn't a known config.
2020-09-19 17:04:31 WARN  ConsumerConfig:362 - The configuration 'admin.retry.backoff.ms' was supplied but isn't a known config.
2020-09-19 17:04:31 WARN  ConsumerConfig:362 - The configuration 'admin.retries' was supplied but isn't a known config.
2020-09-19 17:04:31 WARN  ConsumerConfig:362 - The configuration 'admin.retry.backoff.ms' was supplied but isn't a known config.
2020-09-19 17:04:31 WARN  ConsumerConfig:362 - The configuration 'admin.retries' was supplied but isn't a known config.
2020-09-19 17:04:31 WARN  ConsumerConfig:362 - The configuration 'admin.retry.backoff.ms' was supplied but isn't a known config.
2020-09-19 17:04:31 WARN  ConsumerConfig:362 - The configuration 'admin.retries' was supplied but isn't a known config.
2020-09-19 17:04:31 INFO  App:122 - Task will start in: 3328791 millis
2020-09-19 17:05:15 DEBUG App:104 - Topologies:
   Sub-topology: 0
    Source: KSTREAM-SOURCE-0000000000 (topics: [consumer-actions])
      --> KSTREAM-FILTER-0000000001
    Processor: KSTREAM-FILTER-0000000001 (stores: [])
      --> KSTREAM-MAP-0000000002
      <-- KSTREAM-SOURCE-0000000000
    Processor: KSTREAM-MAP-0000000002 (stores: [])
      --> KSTREAM-SINK-0000000003
      <-- KSTREAM-FILTER-0000000001
    Sink: KSTREAM-SINK-0000000003 (topic: o2o-potentials-counts)
      <-- KSTREAM-MAP-0000000002

  Sub-topology: 1
    Source: KSTREAM-SOURCE-0000000004 (topics: [o2o-potentials-counts])
      --> KSTREAM-KEY-SELECT-0000000005
    Processor: KSTREAM-KEY-SELECT-0000000005 (stores: [])
      --> KSTREAM-FILTER-0000000009
      <-- KSTREAM-SOURCE-0000000004
    Processor: KSTREAM-FILTER-0000000009 (stores: [])
      --> KSTREAM-SINK-0000000008
      <-- KSTREAM-KEY-SELECT-0000000005
    Sink: KSTREAM-SINK-0000000008 (topic: KSTREAM-REDUCE-STATE-STORE-0000000006-repartition)
      <-- KSTREAM-FILTER-0000000009

  Sub-topology: 2
    Source: KSTREAM-SOURCE-0000000010 (topics: [KSTREAM-REDUCE-STATE-STORE-0000000006-repartition])
      --> KSTREAM-REDUCE-0000000007
    Processor: KSTREAM-REDUCE-0000000007 (stores: [KSTREAM-REDUCE-STATE-STORE-0000000006])
      --> KTABLE-TOSTREAM-0000000011
      <-- KSTREAM-SOURCE-0000000010
    Processor: KTABLE-TOSTREAM-0000000011 (stores: [])
      --> KSTREAM-MAP-0000000012
      <-- KSTREAM-REDUCE-0000000007
    Processor: KSTREAM-MAP-0000000012 (stores: [])
      --> KSTREAM-SINK-0000000013
      <-- KTABLE-TOSTREAM-0000000011
    Sink: KSTREAM-SINK-0000000013 (topic: consumer_attributes)
      <-- KSTREAM-MAP-0000000012


2020-09-19 17:05:15 WARN  ConsumerConfig:362 - The configuration 'admin.retry.backoff.ms' was supplied but isn't a known config.
2020-09-19 17:05:15 WARN  ConsumerConfig:362 - The configuration 'admin.retries' was supplied but isn't a known config.
2020-09-19 17:05:15 WARN  ConsumerConfig:362 - The configuration 'admin.retry.backoff.ms' was supplied but isn't a known config.
2020-09-19 17:05:15 WARN  ConsumerConfig:362 - The configuration 'admin.retries' was supplied but isn't a known config.
2020-09-19 17:05:15 WARN  ConsumerConfig:362 - The configuration 'admin.retry.backoff.ms' was supplied but isn't a known config.
2020-09-19 17:05:15 WARN  ConsumerConfig:362 - The configuration 'admin.retries' was supplied but isn't a known config.
2020-09-19 17:05:15 WARN  ConsumerConfig:362 - The configuration 'admin.retry.backoff.ms' was supplied but isn't a known config.
2020-09-19 17:05:15 WARN  ConsumerConfig:362 - The configuration 'admin.retries' was supplied but isn't a known config.
2020-09-19 17:05:15 INFO  App:122 - Task will start in: 3284120 millis
